<?xml version="1.0" encoding="UTF-8"?>
<testsuites name="jest tests" tests="13" failures="0" errors="0" time="6.26">
  <testsuite name="parse system transaction" errors="0" failures="0" skipped="0" timestamp="2024-12-20T09:56:24" time="6.115" tests="13">
    <testcase classname="parse system transaction should parse SystemProgram.nonceAdvance instruction" name="parse system transaction should parse SystemProgram.nonceAdvance instruction" time="0.024">
    </testcase>
    <testcase classname="parse system transaction should parse SystemProgram.createNonceAccount instruction" name="parse system transaction should parse SystemProgram.createNonceAccount instruction" time="0.007">
    </testcase>
    <testcase classname="parse system transaction should parse SystemProgram.nonceWithdraw instruction" name="parse system transaction should parse SystemProgram.nonceWithdraw instruction" time="0.003">
    </testcase>
    <testcase classname="parse system transaction should parse SystemProgram.nonceAuthorize instruction" name="parse system transaction should parse SystemProgram.nonceAuthorize instruction" time="0.01">
    </testcase>
    <testcase classname="parse system transaction should parse SystemProgram.allocate instruction (without seed)" name="parse system transaction should parse SystemProgram.allocate instruction (without seed)" time="0.002">
    </testcase>
    <testcase classname="parse system transaction should parse SystemProgram.allocate instruction (with seed)" name="parse system transaction should parse SystemProgram.allocate instruction (with seed)" time="0.004">
    </testcase>
    <testcase classname="parse system transaction should parse SystemProgram.assign instruction (without seed)" name="parse system transaction should parse SystemProgram.assign instruction (without seed)" time="0.001">
    </testcase>
    <testcase classname="parse system transaction should parse SystemProgram.assign instruction (with seed)" name="parse system transaction should parse SystemProgram.assign instruction (with seed)" time="0.003">
    </testcase>
    <testcase classname="parse system transaction should parse SystemProgram.nonceInitialize instruction" name="parse system transaction should parse SystemProgram.nonceInitialize instruction" time="0.002">
    </testcase>
    <testcase classname="parse system transaction should parse SystemProgram.createAccount instruction" name="parse system transaction should parse SystemProgram.createAccount instruction" time="0.002">
    </testcase>
    <testcase classname="parse system transaction should parse SystemProgram.createAccountWithSeed instruction" name="parse system transaction should parse SystemProgram.createAccountWithSeed instruction" time="0.002">
    </testcase>
    <testcase classname="parse system transaction should parse SystemProgram.transfer instruction" name="parse system transaction should parse SystemProgram.transfer instruction" time="0.003">
    </testcase>
    <testcase classname="parse system transaction parse-lookup" name="parse system transaction parse-lookup" time="2.17">
    </testcase>
  </testsuite>
</testsuites>